<?xml version="1.0" encoding="UTF-8"?>
<!-- Generated by org.testng.reporters.JUnitXMLReporter -->
<testsuite ignored="0" hostname="DESKTOP-012U5K5" failures="0" tests="5" name="Default test" time="12.005" errors="0" timestamp="2024-06-18T10:45:54 IST">
  <testcase classname="com.CloudRunnerPackage.NewBatchesTestCases" name="Mouse_Over_On_New_Batches" time="3.47"/>
  <testcase classname="com.CloudRunnerPackage.NewBatchesTestCases" name="Click_Class_Room_Anantapuram" time="1.478"/>
  <testcase classname="com.CloudRunnerPackage.NewBatchesTestCases" name="Click_Online_Classes" time="0.983"/>
  <testcase classname="com.CloudRunnerPackage.NewBatchesTestCases" name="Click_On_Line_Schedule" time="1.0"/>
  <testcase classname="com.CloudRunnerPackage.NewBatchesTestCases" name="Click_Free_Online_Workshops" time="1.082"/>
</testsuite> <!-- Default test -->
