<?xml version="1.0" encoding="UTF-8"?>
<testng-results ignored="0" total="39" passed="39" failed="0" skipped="0">
  <reporter-output>
    <line>
      <![CDATA[<font color = 'green'>Mouse over on HOME</font>]]>
    </line>
    <line>
      <![CDATA[Mouse Over on home Successfully]]>
    </line>
    <line>
      <![CDATA[<font color = 'green'>Mouse over on ABOUT US</font>]]>
    </line>
    <line>
      <![CDATA[Mouse Over About Us Successfully]]>
    </line>
    <line>
      <![CDATA[<font color = 'green'>Mouse over on COURSES</font>]]>
    </line>
    <line>
      <![CDATA[Mouse Over Courses Successfully]]>
    </line>
    <line>
      <![CDATA[<font color = 'green'>Mouse over on SERVICES</font>]]>
    </line>
    <line>
      <![CDATA[Mouse Over Services Successfully]]>
    </line>
    <line>
      <![CDATA[<font color = 'green'>Mouse over on PROJECTS</font>]]>
    </line>
    <line>
      <![CDATA[Mouse Over Projects Successfully]]>
    </line>
    <line>
      <![CDATA[<font color = 'green'>Mouse over on NEW BATCHES</font>]]>
    </line>
    <line>
      <![CDATA[Mouse Over New Batches Successfully]]>
    </line>
    <line>
      <![CDATA[<font color = 'green'>Mouse over on IN SIGHTS</font>]]>
    </line>
    <line>
      <![CDATA[Mouse Over In Sights Successfully]]>
    </line>
    <line>
      <![CDATA[<font color = 'green'>Mouse over on Projects</font>]]>
    </line>
    <line>
      <![CDATA[Mouse Over Contact Successfully]]>
    </line>
    <line>
      <![CDATA[<font color = 'green'>Mouse over on SERVICES</font>]]>
    </line>
    <line>
      <![CDATA[Mouse Over on SERVICES Successfully]]>
    </line>
    <line>
      <![CDATA[<font color = 'green'>Mouse over on SERVICES</font>]]>
    </line>
    <line>
      <![CDATA[<font color = 'green'>Clicked on INTERNSHIP PROGRAM</font>]]>
    </line>
    <line>
      <![CDATA[Clicked On INTERNSHIP PROGRAM Succesfully]]>
    </line>
    <line>
      <![CDATA[<font color = 'green'>Mouse over on SERVICES</font>]]>
    </line>
    <line>
      <![CDATA[<font color = 'green'>Clicked on PLACEMENT ASSISTANCE</font>]]>
    </line>
    <line>
      <![CDATA[Clicked On PLACEMENT ASSISTANCE Succesfully]]>
    </line>
    <line>
      <![CDATA[<font color = 'green'>Mouse over on SERVICES</font>]]>
    </line>
    <line>
      <![CDATA[<font color = 'green'>Clicked on PLACEMENTS</font>]]>
    </line>
    <line>
      <![CDATA[Clicked On PLACEMENTS Succesfully]]>
    </line>
    <line>
      <![CDATA[<font color = 'green'>Mouse over on SERVICES</font>]]>
    </line>
    <line>
      <![CDATA[<font color = 'green'>Clicked on CLOUD CARE</font>]]>
    </line>
    <line>
      <![CDATA[Clicked On CLOUD CARE Successfully]]>
    </line>
    <line>
      <![CDATA[<font color = 'green'>Mouse over on PROJECTS</font>]]>
    </line>
    <line>
      <![CDATA[Mouse Over on PROJECTS Successfully]]>
    </line>
    <line>
      <![CDATA[<font color = 'green'>Mouse over on PROJECTS</font>]]>
    </line>
    <line>
      <![CDATA[<font color = 'green'>Clicked on LIVE PROJECTS</font>]]>
    </line>
    <line>
      <![CDATA[Clicked On LIVE PROJECTS Succesfully]]>
    </line>
    <line>
      <![CDATA[<font color = 'green'>Mouse over on PROJECTS</font>]]>
    </line>
    <line>
      <![CDATA[<font color = 'green'>Clicked On IEEE PROJECTS</font>]]>
    </line>
    <line>
      <![CDATA[Clicked On IEEE PROJECTS Succesfully]]>
    </line>
    <line>
      <![CDATA[<font color = 'green'>Mouse over on PROJECTS</font>]]>
    </line>
    <line>
      <![CDATA[<font color = 'green'>Clicked On INTERNSHIP PROJECTS</font>]]>
    </line>
    <line>
      <![CDATA[Clicked On INTERNSHIP PROJECTS  Succesfully]]>
    </line>
    <line>
      <![CDATA[<font color = 'green'>Mouse over on PROJECTS</font>]]>
    </line>
    <line>
      <![CDATA[<font color = 'green'>Clicked On REAL TIME PROJECTS</font>]]>
    </line>
    <line>
      <![CDATA[Clicked On REAL TIME PROJECTS Successfully]]>
    </line>
    <line>
      <![CDATA[<font color = 'green'>Mouse over on NEW BATCHES</font>]]>
    </line>
    <line>
      <![CDATA[Mouse Over on New Batches Successfully]]>
    </line>
    <line>
      <![CDATA[<font color = 'green'>Mouse over on NEW BATCHES</font>]]>
    </line>
    <line>
      <![CDATA[<font color = 'green'>Clicked On CLASS ROOM ANANTHAPURAM</font>]]>
    </line>
    <line>
      <![CDATA[Clicked On CLASS ROOM ANANTHAPURAM Succesfully]]>
    </line>
    <line>
      <![CDATA[<font color = 'green'>Mouse over on NEW BATCHES</font>]]>
    </line>
    <line>
      <![CDATA[<font color = 'green'>Clicked On ONLINE CLASSES</font>]]>
    </line>
    <line>
      <![CDATA[Clicked On ONLINE CLASSES Succesfully]]>
    </line>
    <line>
      <![CDATA[<font color = 'green'>Mouse over on NEW BATCHES</font>]]>
    </line>
    <line>
      <![CDATA[<font color = 'green'>Clicked On LIVE SHEDULE</font>]]>
    </line>
    <line>
      <![CDATA[Clicked On LIVE SHEDULE Successfully]]>
    </line>
    <line>
      <![CDATA[<font color = 'green'>Mouse over on NEW BATCHES</font>]]>
    </line>
    <line>
      <![CDATA[<font color = 'green'>Clicked on FREE ONLINE WORKSHOPS</font>]]>
    </line>
    <line>
      <![CDATA[Clicked on FREE ONLINE WORKSHOPS Successfully]]>
    </line>
    <line>
      <![CDATA[<font color = 'green'>Mouse over on TRAINING</font>]]>
    </line>
    <line>
      <![CDATA[Mouse Over on TRAINING Successfully]]>
    </line>
    <line>
      <![CDATA[<font color = 'green'>Mouse over on TRAINING</font>]]>
    </line>
    <line>
      <![CDATA[<font color = 'green'>Clicked On CLASS ROOM TRAINING</font>]]>
    </line>
    <line>
      <![CDATA[Clicked On CLASS ROOM TRAINING Succesfully]]>
    </line>
    <line>
      <![CDATA[<font color = 'green'>Mouse over on TRAINING</font>]]>
    </line>
    <line>
      <![CDATA[<font color = 'green'>Clicked ON ONLINE TRAINING</font>]]>
    </line>
    <line>
      <![CDATA[Clicked On ONLINE TRAINING Succesfully]]>
    </line>
    <line>
      <![CDATA[<font color = 'green'>Mouse over on TRAINING</font>]]>
    </line>
    <line>
      <![CDATA[<font color = 'green'>Clicked On WEEKEND TRAINING</font>]]>
    </line>
    <line>
      <![CDATA[Clicked On WEEKEND TRAINING Succesfully]]>
    </line>
    <line>
      <![CDATA[<font color = 'green'>Mouse over on TRAINING</font>]]>
    </line>
    <line>
      <![CDATA[<font color = 'green'>Clicked On COPRPORATE TRAINING</font>]]>
    </line>
    <line>
      <![CDATA[Clicked On CORPORATE TRAINING Successfully]]>
    </line>
    <line>
      <![CDATA[<font color = 'green'>Mouse over on TRAINING</font>]]>
    </line>
    <line>
      <![CDATA[<font color = 'green'>Clicked On COURSE SHEDULE</font>]]>
    </line>
    <line>
      <![CDATA[Clicked On COURSE SHEDULE Successfully]]>
    </line>
    <line>
      <![CDATA[<font color = 'green'>Mouse over on TRAINING</font>]]>
    </line>
    <line>
      <![CDATA[<font color = 'green'>Clicked On TRAINERS PROFILE</font>]]>
    </line>
    <line>
      <![CDATA[Clicked On TRAINERS PROFILE Successfully]]>
    </line>
    <line>
      <![CDATA[<font color = 'green'>Mouse over on IN SIGHTS</font>]]>
    </line>
    <line>
      <![CDATA[Mouse Over on In Sights Successfully]]>
    </line>
    <line>
      <![CDATA[<font color = 'green'>Mouse over on IN SIGHTS</font>]]>
    </line>
    <line>
      <![CDATA[<font color = 'green'>Clicked On SUCCESS</font>]]>
    </line>
    <line>
      <![CDATA[Clicked On SUCCESS Succesfully]]>
    </line>
    <line>
      <![CDATA[<font color = 'green'>Mouse over on IN SIGHTS</font>]]>
    </line>
    <line>
      <![CDATA[<font color = 'green'>Clicked On WORLD CLASS TRAINING</font>]]>
    </line>
    <line>
      <![CDATA[Clicked On WORLD CLASS TRAINING Succesfully]]>
    </line>
    <line>
      <![CDATA[<font color = 'green'>Mouse over on IN SIGHTS</font>]]>
    </line>
    <line>
      <![CDATA[<font color = 'green'>Clicked On TRAINING CHOICE</font>]]>
    </line>
    <line>
      <![CDATA[Clicked On Training Choice Successfully]]>
    </line>
    <line>
      <![CDATA[<font color = 'green'>Clicked On THOUGHT LEARDERSHIP</font>]]>
    </line>
    <line>
      <![CDATA[Clicked On THOUGHT LEARDERSHIP Successfully]]>
    </line>
    <line>
      <![CDATA[<font color = 'green'>Mouse over on NEWS</font>]]>
    </line>
    <line>
      <![CDATA[Mouse Over on NEWS Successfully]]>
    </line>
    <line>
      <![CDATA[<font color = 'green'>Mouse over on NEWS</font>]]>
    </line>
    <line>
      <![CDATA[<font color = 'green'>Clicked On MONTHLY NEWS</font>]]>
    </line>
    <line>
      <![CDATA[Clicked On MONTHLTY NEWS Succesfully]]>
    </line>
    <line>
      <![CDATA[<font color = 'green'>Mouse over on NEWS</font>]]>
    </line>
    <line>
      <![CDATA[<font color = 'green'>Clicked On EVENTS</font>]]>
    </line>
    <line>
      <![CDATA[Clicked On EVENTS Succesfully]]>
    </line>
    <line>
      <![CDATA[<font color = 'green'>Mouse over on NEWS</font>]]>
    </line>
    <line>
      <![CDATA[<font color = 'green'>Clicked On BLOG</font>]]>
    </line>
    <line>
      <![CDATA[Clicked On BLOG Successfully]]>
    </line>
  </reporter-output>
  <suite started-at="2024-06-18T10:47:25 IST" name="Cloudgen4" finished-at="2024-06-18T10:48:56 IST" duration-ms="91614">
    <groups>
    </groups>
    <test started-at="2024-06-18T10:47:25 IST" name="CloudObject" finished-at="2024-06-18T10:47:39 IST" duration-ms="14445">
      <class name="com.CloudRunnerPackage.CloudObjectRunner">
        <test-method is-config="true" signature="setUp()[pri:0, instance:com.CloudRunnerPackage.CloudObjectRunner@245b4bdc]" started-at="2024-06-18T10:47:25 IST" name="setUp" finished-at="2024-06-18T10:47:36 IST" duration-ms="11462" status="PASS">
          <reporter-output>
          </reporter-output>
        </test-method> <!-- setUp -->
        <test-method signature="Mouse_Over_On_Home_Tab()[pri:1, instance:com.CloudRunnerPackage.CloudObjectRunner@245b4bdc]" started-at="2024-06-18T10:47:36 IST" name="Mouse_Over_On_Home_Tab" finished-at="2024-06-18T10:47:37 IST" duration-ms="349" status="PASS">
          <reporter-output>
            <line>
              <![CDATA[<font color = 'green'>Mouse over on HOME</font>]]>
            </line>
            <line>
              <![CDATA[Mouse Over on home Successfully]]>
            </line>
          </reporter-output>
        </test-method> <!-- Mouse_Over_On_Home_Tab -->
        <test-method signature="Mouse_Over_On_About_Us()[pri:2, instance:com.CloudRunnerPackage.CloudObjectRunner@245b4bdc]" started-at="2024-06-18T10:47:37 IST" name="Mouse_Over_On_About_Us" finished-at="2024-06-18T10:47:37 IST" duration-ms="303" status="PASS">
          <reporter-output>
            <line>
              <![CDATA[<font color = 'green'>Mouse over on ABOUT US</font>]]>
            </line>
            <line>
              <![CDATA[Mouse Over About Us Successfully]]>
            </line>
          </reporter-output>
        </test-method> <!-- Mouse_Over_On_About_Us -->
        <test-method signature="Mouse_Over_On_Courses()[pri:3, instance:com.CloudRunnerPackage.CloudObjectRunner@245b4bdc]" started-at="2024-06-18T10:47:37 IST" name="Mouse_Over_On_Courses" finished-at="2024-06-18T10:47:37 IST" duration-ms="248" status="PASS">
          <reporter-output>
            <line>
              <![CDATA[<font color = 'green'>Mouse over on COURSES</font>]]>
            </line>
            <line>
              <![CDATA[Mouse Over Courses Successfully]]>
            </line>
          </reporter-output>
        </test-method> <!-- Mouse_Over_On_Courses -->
        <test-method signature="Mouse_Over_On_Services()[pri:4, instance:com.CloudRunnerPackage.CloudObjectRunner@245b4bdc]" started-at="2024-06-18T10:47:37 IST" name="Mouse_Over_On_Services" finished-at="2024-06-18T10:47:38 IST" duration-ms="296" status="PASS">
          <reporter-output>
            <line>
              <![CDATA[<font color = 'green'>Mouse over on SERVICES</font>]]>
            </line>
            <line>
              <![CDATA[Mouse Over Services Successfully]]>
            </line>
          </reporter-output>
        </test-method> <!-- Mouse_Over_On_Services -->
        <test-method signature="Mouse_Over_On_Projects()[pri:5, instance:com.CloudRunnerPackage.CloudObjectRunner@245b4bdc]" started-at="2024-06-18T10:47:38 IST" name="Mouse_Over_On_Projects" finished-at="2024-06-18T10:47:38 IST" duration-ms="285" status="PASS">
          <reporter-output>
            <line>
              <![CDATA[<font color = 'green'>Mouse over on PROJECTS</font>]]>
            </line>
            <line>
              <![CDATA[Mouse Over Projects Successfully]]>
            </line>
          </reporter-output>
        </test-method> <!-- Mouse_Over_On_Projects -->
        <test-method signature="Mouse_Over_On_New_Batches()[pri:6, instance:com.CloudRunnerPackage.CloudObjectRunner@245b4bdc]" started-at="2024-06-18T10:47:38 IST" name="Mouse_Over_On_New_Batches" finished-at="2024-06-18T10:47:38 IST" duration-ms="274" status="PASS">
          <reporter-output>
            <line>
              <![CDATA[<font color = 'green'>Mouse over on NEW BATCHES</font>]]>
            </line>
            <line>
              <![CDATA[Mouse Over New Batches Successfully]]>
            </line>
          </reporter-output>
        </test-method> <!-- Mouse_Over_On_New_Batches -->
        <test-method signature="Mouse_Over_On_In_Sights()[pri:7, instance:com.CloudRunnerPackage.CloudObjectRunner@245b4bdc]" started-at="2024-06-18T10:47:38 IST" name="Mouse_Over_On_In_Sights" finished-at="2024-06-18T10:47:38 IST" duration-ms="276" status="PASS">
          <reporter-output>
            <line>
              <![CDATA[<font color = 'green'>Mouse over on IN SIGHTS</font>]]>
            </line>
            <line>
              <![CDATA[Mouse Over In Sights Successfully]]>
            </line>
          </reporter-output>
        </test-method> <!-- Mouse_Over_On_In_Sights -->
        <test-method signature="Mouse_Over_On_Contact()[pri:8, instance:com.CloudRunnerPackage.CloudObjectRunner@245b4bdc]" started-at="2024-06-18T10:47:38 IST" name="Mouse_Over_On_Contact" finished-at="2024-06-18T10:47:39 IST" duration-ms="301" status="PASS">
          <reporter-output>
            <line>
              <![CDATA[<font color = 'green'>Mouse over on Projects</font>]]>
            </line>
            <line>
              <![CDATA[Mouse Over Contact Successfully]]>
            </line>
          </reporter-output>
        </test-method> <!-- Mouse_Over_On_Contact -->
        <test-method is-config="true" signature="tearDown()[pri:0, instance:com.CloudRunnerPackage.CloudObjectRunner@245b4bdc]" started-at="2024-06-18T10:47:39 IST" name="tearDown" finished-at="2024-06-18T10:47:39 IST" duration-ms="504" status="PASS">
          <reporter-output>
          </reporter-output>
        </test-method> <!-- tearDown -->
      </class> <!-- com.CloudRunnerPackage.CloudObjectRunner -->
    </test> <!-- CloudObject -->
    <test started-at="2024-06-18T10:47:39 IST" name="Services" finished-at="2024-06-18T10:47:51 IST" duration-ms="11583">
      <class name="com.CloudRunnerPackage.ServicesTestCases">
        <test-method is-config="true" signature="setUp()[pri:0, instance:com.CloudRunnerPackage.ServicesTestCases@351d00c0]" started-at="2024-06-18T10:47:39 IST" name="setUp" finished-at="2024-06-18T10:47:46 IST" duration-ms="6392" status="PASS">
          <reporter-output>
          </reporter-output>
        </test-method> <!-- setUp -->
        <test-method signature="Mouse_Over_On_Services()[pri:1, instance:com.CloudRunnerPackage.ServicesTestCases@351d00c0]" started-at="2024-06-18T10:47:46 IST" name="Mouse_Over_On_Services" finished-at="2024-06-18T10:47:46 IST" duration-ms="278" status="PASS">
          <reporter-output>
            <line>
              <![CDATA[<font color = 'green'>Mouse over on SERVICES</font>]]>
            </line>
            <line>
              <![CDATA[Mouse Over on SERVICES Successfully]]>
            </line>
          </reporter-output>
        </test-method> <!-- Mouse_Over_On_Services -->
        <test-method signature="Click_Internship_Program()[pri:2, instance:com.CloudRunnerPackage.ServicesTestCases@351d00c0]" started-at="2024-06-18T10:47:46 IST" name="Click_Internship_Program" finished-at="2024-06-18T10:47:48 IST" duration-ms="1556" status="PASS">
          <reporter-output>
            <line>
              <![CDATA[<font color = 'green'>Mouse over on SERVICES</font>]]>
            </line>
            <line>
              <![CDATA[<font color = 'green'>Clicked on INTERNSHIP PROGRAM</font>]]>
            </line>
            <line>
              <![CDATA[Clicked On INTERNSHIP PROGRAM Succesfully]]>
            </line>
          </reporter-output>
        </test-method> <!-- Click_Internship_Program -->
        <test-method signature="Click_Placement_Assistance()[pri:3, instance:com.CloudRunnerPackage.ServicesTestCases@351d00c0]" started-at="2024-06-18T10:47:48 IST" name="Click_Placement_Assistance" finished-at="2024-06-18T10:47:49 IST" duration-ms="1062" status="PASS">
          <reporter-output>
            <line>
              <![CDATA[<font color = 'green'>Mouse over on SERVICES</font>]]>
            </line>
            <line>
              <![CDATA[<font color = 'green'>Clicked on PLACEMENT ASSISTANCE</font>]]>
            </line>
            <line>
              <![CDATA[Clicked On PLACEMENT ASSISTANCE Succesfully]]>
            </line>
          </reporter-output>
        </test-method> <!-- Click_Placement_Assistance -->
        <test-method signature="Click_Placements()[pri:4, instance:com.CloudRunnerPackage.ServicesTestCases@351d00c0]" started-at="2024-06-18T10:47:49 IST" name="Click_Placements" finished-at="2024-06-18T10:47:50 IST" duration-ms="934" status="PASS">
          <reporter-output>
            <line>
              <![CDATA[<font color = 'green'>Mouse over on SERVICES</font>]]>
            </line>
            <line>
              <![CDATA[<font color = 'green'>Clicked on PLACEMENTS</font>]]>
            </line>
            <line>
              <![CDATA[Clicked On PLACEMENTS Succesfully]]>
            </line>
          </reporter-output>
        </test-method> <!-- Click_Placements -->
        <test-method signature="Click_Cloud_Care()[pri:5, instance:com.CloudRunnerPackage.ServicesTestCases@351d00c0]" started-at="2024-06-18T10:47:50 IST" name="Click_Cloud_Care" finished-at="2024-06-18T10:47:51 IST" duration-ms="1017" status="PASS">
          <reporter-output>
            <line>
              <![CDATA[<font color = 'green'>Mouse over on SERVICES</font>]]>
            </line>
            <line>
              <![CDATA[<font color = 'green'>Clicked on CLOUD CARE</font>]]>
            </line>
            <line>
              <![CDATA[Clicked On CLOUD CARE Successfully]]>
            </line>
          </reporter-output>
        </test-method> <!-- Click_Cloud_Care -->
        <test-method is-config="true" signature="tearDown()[pri:0, instance:com.CloudRunnerPackage.ServicesTestCases@351d00c0]" started-at="2024-06-18T10:47:51 IST" name="tearDown" finished-at="2024-06-18T10:47:51 IST" duration-ms="299" status="PASS">
          <reporter-output>
          </reporter-output>
        </test-method> <!-- tearDown -->
      </class> <!-- com.CloudRunnerPackage.ServicesTestCases -->
    </test> <!-- Services -->
    <test started-at="2024-06-18T10:47:51 IST" name="projects" finished-at="2024-06-18T10:48:01 IST" duration-ms="10337">
      <class name="com.CloudRunnerPackage.ProjectsTestCases">
        <test-method is-config="true" signature="setUp()[pri:0, instance:com.CloudRunnerPackage.ProjectsTestCases@313ac989]" started-at="2024-06-18T10:47:51 IST" name="setUp" finished-at="2024-06-18T10:47:57 IST" duration-ms="5578" status="PASS">
          <reporter-output>
          </reporter-output>
        </test-method> <!-- setUp -->
        <test-method signature="Mouse_Over_On_Projects()[pri:1, instance:com.CloudRunnerPackage.ProjectsTestCases@313ac989]" started-at="2024-06-18T10:47:57 IST" name="Mouse_Over_On_Projects" finished-at="2024-06-18T10:47:57 IST" duration-ms="278" status="PASS">
          <reporter-output>
            <line>
              <![CDATA[<font color = 'green'>Mouse over on PROJECTS</font>]]>
            </line>
            <line>
              <![CDATA[Mouse Over on PROJECTS Successfully]]>
            </line>
          </reporter-output>
        </test-method> <!-- Mouse_Over_On_Projects -->
        <test-method signature="Click_Live_Projects()[pri:2, instance:com.CloudRunnerPackage.ProjectsTestCases@313ac989]" started-at="2024-06-18T10:47:57 IST" name="Click_Live_Projects" finished-at="2024-06-18T10:47:58 IST" duration-ms="1289" status="PASS">
          <reporter-output>
            <line>
              <![CDATA[<font color = 'green'>Mouse over on PROJECTS</font>]]>
            </line>
            <line>
              <![CDATA[<font color = 'green'>Clicked on LIVE PROJECTS</font>]]>
            </line>
            <line>
              <![CDATA[Clicked On LIVE PROJECTS Succesfully]]>
            </line>
          </reporter-output>
        </test-method> <!-- Click_Live_Projects -->
        <test-method signature="Click_IEEE_Projects()[pri:3, instance:com.CloudRunnerPackage.ProjectsTestCases@313ac989]" started-at="2024-06-18T10:47:58 IST" name="Click_IEEE_Projects" finished-at="2024-06-18T10:47:59 IST" duration-ms="898" status="PASS">
          <reporter-output>
            <line>
              <![CDATA[<font color = 'green'>Mouse over on PROJECTS</font>]]>
            </line>
            <line>
              <![CDATA[<font color = 'green'>Clicked On IEEE PROJECTS</font>]]>
            </line>
            <line>
              <![CDATA[Clicked On IEEE PROJECTS Succesfully]]>
            </line>
          </reporter-output>
        </test-method> <!-- Click_IEEE_Projects -->
        <test-method signature="Click_Internship_Projects()[pri:4, instance:com.CloudRunnerPackage.ProjectsTestCases@313ac989]" started-at="2024-06-18T10:47:59 IST" name="Click_Internship_Projects" finished-at="2024-06-18T10:48:00 IST" duration-ms="885" status="PASS">
          <reporter-output>
            <line>
              <![CDATA[<font color = 'green'>Mouse over on PROJECTS</font>]]>
            </line>
            <line>
              <![CDATA[<font color = 'green'>Clicked On INTERNSHIP PROJECTS</font>]]>
            </line>
            <line>
              <![CDATA[Clicked On INTERNSHIP PROJECTS  Succesfully]]>
            </line>
          </reporter-output>
        </test-method> <!-- Click_Internship_Projects -->
        <test-method signature="Click_Real_Time_Projects()[pri:5, instance:com.CloudRunnerPackage.ProjectsTestCases@313ac989]" started-at="2024-06-18T10:48:00 IST" name="Click_Real_Time_Projects" finished-at="2024-06-18T10:48:01 IST" duration-ms="989" status="PASS">
          <reporter-output>
            <line>
              <![CDATA[<font color = 'green'>Mouse over on PROJECTS</font>]]>
            </line>
            <line>
              <![CDATA[<font color = 'green'>Clicked On REAL TIME PROJECTS</font>]]>
            </line>
            <line>
              <![CDATA[Clicked On REAL TIME PROJECTS Successfully]]>
            </line>
          </reporter-output>
        </test-method> <!-- Click_Real_Time_Projects -->
        <test-method is-config="true" signature="tearDown()[pri:0, instance:com.CloudRunnerPackage.ProjectsTestCases@313ac989]" started-at="2024-06-18T10:48:01 IST" name="tearDown" finished-at="2024-06-18T10:48:01 IST" duration-ms="376" status="PASS">
          <reporter-output>
          </reporter-output>
        </test-method> <!-- tearDown -->
      </class> <!-- com.CloudRunnerPackage.ProjectsTestCases -->
    </test> <!-- projects -->
    <test started-at="2024-06-18T10:48:01 IST" name="NewBatches" finished-at="2024-06-18T10:48:23 IST" duration-ms="21483">
      <class name="com.CloudRunnerPackage.NewBatchesTestCases">
        <test-method is-config="true" signature="setUp()[pri:0, instance:com.CloudRunnerPackage.NewBatchesTestCases@459e9125]" started-at="2024-06-18T10:48:01 IST" name="setUp" finished-at="2024-06-18T10:48:08 IST" duration-ms="6541" status="PASS">
          <reporter-output>
          </reporter-output>
        </test-method> <!-- setUp -->
        <test-method signature="Mouse_Over_On_New_Batches()[pri:1, instance:com.CloudRunnerPackage.NewBatchesTestCases@459e9125]" started-at="2024-06-18T10:48:08 IST" name="Mouse_Over_On_New_Batches" finished-at="2024-06-18T10:48:10 IST" duration-ms="2313" status="PASS">
          <reporter-output>
            <line>
              <![CDATA[<font color = 'green'>Mouse over on NEW BATCHES</font>]]>
            </line>
            <line>
              <![CDATA[Mouse Over on New Batches Successfully]]>
            </line>
          </reporter-output>
        </test-method> <!-- Mouse_Over_On_New_Batches -->
        <test-method signature="Click_Class_Room_Anantapuram()[pri:2, instance:com.CloudRunnerPackage.NewBatchesTestCases@459e9125]" started-at="2024-06-18T10:48:10 IST" name="Click_Class_Room_Anantapuram" finished-at="2024-06-18T10:48:14 IST" duration-ms="3425" status="PASS">
          <reporter-output>
            <line>
              <![CDATA[<font color = 'green'>Mouse over on NEW BATCHES</font>]]>
            </line>
            <line>
              <![CDATA[<font color = 'green'>Clicked On CLASS ROOM ANANTHAPURAM</font>]]>
            </line>
            <line>
              <![CDATA[Clicked On CLASS ROOM ANANTHAPURAM Succesfully]]>
            </line>
          </reporter-output>
        </test-method> <!-- Click_Class_Room_Anantapuram -->
        <test-method signature="Click_Online_Classes()[pri:3, instance:com.CloudRunnerPackage.NewBatchesTestCases@459e9125]" started-at="2024-06-18T10:48:14 IST" name="Click_Online_Classes" finished-at="2024-06-18T10:48:17 IST" duration-ms="3000" status="PASS">
          <reporter-output>
            <line>
              <![CDATA[<font color = 'green'>Mouse over on NEW BATCHES</font>]]>
            </line>
            <line>
              <![CDATA[<font color = 'green'>Clicked On ONLINE CLASSES</font>]]>
            </line>
            <line>
              <![CDATA[Clicked On ONLINE CLASSES Succesfully]]>
            </line>
          </reporter-output>
        </test-method> <!-- Click_Online_Classes -->
        <test-method signature="Click_On_Line_Schedule()[pri:4, instance:com.CloudRunnerPackage.NewBatchesTestCases@459e9125]" started-at="2024-06-18T10:48:17 IST" name="Click_On_Line_Schedule" finished-at="2024-06-18T10:48:20 IST" duration-ms="2904" status="PASS">
          <reporter-output>
            <line>
              <![CDATA[<font color = 'green'>Mouse over on NEW BATCHES</font>]]>
            </line>
            <line>
              <![CDATA[<font color = 'green'>Clicked On LIVE SHEDULE</font>]]>
            </line>
            <line>
              <![CDATA[Clicked On LIVE SHEDULE Successfully]]>
            </line>
          </reporter-output>
        </test-method> <!-- Click_On_Line_Schedule -->
        <test-method signature="Click_Free_Online_Workshops()[pri:5, instance:com.CloudRunnerPackage.NewBatchesTestCases@459e9125]" started-at="2024-06-18T10:48:20 IST" name="Click_Free_Online_Workshops" finished-at="2024-06-18T10:48:23 IST" duration-ms="3000" status="PASS">
          <reporter-output>
            <line>
              <![CDATA[<font color = 'green'>Mouse over on NEW BATCHES</font>]]>
            </line>
            <line>
              <![CDATA[<font color = 'green'>Clicked on FREE ONLINE WORKSHOPS</font>]]>
            </line>
            <line>
              <![CDATA[Clicked on FREE ONLINE WORKSHOPS Successfully]]>
            </line>
          </reporter-output>
        </test-method> <!-- Click_Free_Online_Workshops -->
        <test-method is-config="true" signature="tearDown()[pri:0, instance:com.CloudRunnerPackage.NewBatchesTestCases@459e9125]" started-at="2024-06-18T10:48:23 IST" name="tearDown" finished-at="2024-06-18T10:48:23 IST" duration-ms="279" status="PASS">
          <reporter-output>
          </reporter-output>
        </test-method> <!-- tearDown -->
      </class> <!-- com.CloudRunnerPackage.NewBatchesTestCases -->
    </test> <!-- NewBatches -->
    <test started-at="2024-06-18T10:48:23 IST" name="Training" finished-at="2024-06-18T10:48:36 IST" duration-ms="13087">
      <class name="com.CloudRunnerPackage.TrainingTestCases">
        <test-method is-config="true" signature="setUp()[pri:0, instance:com.CloudRunnerPackage.TrainingTestCases@55141def]" started-at="2024-06-18T10:48:23 IST" name="setUp" finished-at="2024-06-18T10:48:29 IST" duration-ms="5839" status="PASS">
          <reporter-output>
          </reporter-output>
        </test-method> <!-- setUp -->
        <test-method signature="Mouse_Over_On_Training()[pri:1, instance:com.CloudRunnerPackage.TrainingTestCases@55141def]" started-at="2024-06-18T10:48:29 IST" name="Mouse_Over_On_Training" finished-at="2024-06-18T10:48:29 IST" duration-ms="351" status="PASS">
          <reporter-output>
            <line>
              <![CDATA[<font color = 'green'>Mouse over on TRAINING</font>]]>
            </line>
            <line>
              <![CDATA[Mouse Over on TRAINING Successfully]]>
            </line>
          </reporter-output>
        </test-method> <!-- Mouse_Over_On_Training -->
        <test-method signature="Click_Class_Room_Training()[pri:2, instance:com.CloudRunnerPackage.TrainingTestCases@55141def]" started-at="2024-06-18T10:48:29 IST" name="Click_Class_Room_Training" finished-at="2024-06-18T10:48:30 IST" duration-ms="1327" status="PASS">
          <reporter-output>
            <line>
              <![CDATA[<font color = 'green'>Mouse over on TRAINING</font>]]>
            </line>
            <line>
              <![CDATA[<font color = 'green'>Clicked On CLASS ROOM TRAINING</font>]]>
            </line>
            <line>
              <![CDATA[Clicked On CLASS ROOM TRAINING Succesfully]]>
            </line>
          </reporter-output>
        </test-method> <!-- Click_Class_Room_Training -->
        <test-method signature="Click_Online_Training()[pri:3, instance:com.CloudRunnerPackage.TrainingTestCases@55141def]" started-at="2024-06-18T10:48:30 IST" name="Click_Online_Training" finished-at="2024-06-18T10:48:31 IST" duration-ms="994" status="PASS">
          <reporter-output>
            <line>
              <![CDATA[<font color = 'green'>Mouse over on TRAINING</font>]]>
            </line>
            <line>
              <![CDATA[<font color = 'green'>Clicked ON ONLINE TRAINING</font>]]>
            </line>
            <line>
              <![CDATA[Clicked On ONLINE TRAINING Succesfully]]>
            </line>
          </reporter-output>
        </test-method> <!-- Click_Online_Training -->
        <test-method signature="Click_Weekend_Training()[pri:4, instance:com.CloudRunnerPackage.TrainingTestCases@55141def]" started-at="2024-06-18T10:48:31 IST" name="Click_Weekend_Training" finished-at="2024-06-18T10:48:32 IST" duration-ms="1113" status="PASS">
          <reporter-output>
            <line>
              <![CDATA[<font color = 'green'>Mouse over on TRAINING</font>]]>
            </line>
            <line>
              <![CDATA[<font color = 'green'>Clicked On WEEKEND TRAINING</font>]]>
            </line>
            <line>
              <![CDATA[Clicked On WEEKEND TRAINING Succesfully]]>
            </line>
          </reporter-output>
        </test-method> <!-- Click_Weekend_Training -->
        <test-method signature="Click_Corporate_Training()[pri:5, instance:com.CloudRunnerPackage.TrainingTestCases@55141def]" started-at="2024-06-18T10:48:32 IST" name="Click_Corporate_Training" finished-at="2024-06-18T10:48:34 IST" duration-ms="1126" status="PASS">
          <reporter-output>
            <line>
              <![CDATA[<font color = 'green'>Mouse over on TRAINING</font>]]>
            </line>
            <line>
              <![CDATA[<font color = 'green'>Clicked On COPRPORATE TRAINING</font>]]>
            </line>
            <line>
              <![CDATA[Clicked On CORPORATE TRAINING Successfully]]>
            </line>
          </reporter-output>
        </test-method> <!-- Click_Corporate_Training -->
        <test-method signature="Click_Course_Shedule()[pri:5, instance:com.CloudRunnerPackage.TrainingTestCases@55141def]" started-at="2024-06-18T10:48:34 IST" name="Click_Course_Shedule" finished-at="2024-06-18T10:48:35 IST" duration-ms="987" status="PASS">
          <reporter-output>
            <line>
              <![CDATA[<font color = 'green'>Mouse over on TRAINING</font>]]>
            </line>
            <line>
              <![CDATA[<font color = 'green'>Clicked On COURSE SHEDULE</font>]]>
            </line>
            <line>
              <![CDATA[Clicked On COURSE SHEDULE Successfully]]>
            </line>
          </reporter-output>
        </test-method> <!-- Click_Course_Shedule -->
        <test-method signature="Click_Trainers_Profile()[pri:5, instance:com.CloudRunnerPackage.TrainingTestCases@55141def]" started-at="2024-06-18T10:48:35 IST" name="Click_Trainers_Profile" finished-at="2024-06-18T10:48:36 IST" duration-ms="1070" status="PASS">
          <reporter-output>
            <line>
              <![CDATA[<font color = 'green'>Mouse over on TRAINING</font>]]>
            </line>
            <line>
              <![CDATA[<font color = 'green'>Clicked On TRAINERS PROFILE</font>]]>
            </line>
            <line>
              <![CDATA[Clicked On TRAINERS PROFILE Successfully]]>
            </line>
          </reporter-output>
        </test-method> <!-- Click_Trainers_Profile -->
        <test-method is-config="true" signature="tearDown()[pri:0, instance:com.CloudRunnerPackage.TrainingTestCases@55141def]" started-at="2024-06-18T10:48:36 IST" name="tearDown" finished-at="2024-06-18T10:48:36 IST" duration-ms="246" status="PASS">
          <reporter-output>
          </reporter-output>
        </test-method> <!-- tearDown -->
      </class> <!-- com.CloudRunnerPackage.TrainingTestCases -->
    </test> <!-- Training -->
    <test started-at="2024-06-18T10:48:36 IST" name="Insights" finished-at="2024-06-18T10:48:47 IST" duration-ms="10619">
      <class name="com.CloudRunnerPackage.InSightsTestCases">
        <test-method is-config="true" signature="setUp()[pri:0, instance:com.CloudRunnerPackage.InSightsTestCases@71d44a3]" started-at="2024-06-18T10:48:36 IST" name="setUp" finished-at="2024-06-18T10:48:42 IST" duration-ms="6345" status="PASS">
          <reporter-output>
          </reporter-output>
        </test-method> <!-- setUp -->
        <test-method signature="Mouse_Over_On_In_Sights()[pri:1, instance:com.CloudRunnerPackage.InSightsTestCases@71d44a3]" started-at="2024-06-18T10:48:42 IST" name="Mouse_Over_On_In_Sights" finished-at="2024-06-18T10:48:43 IST" duration-ms="287" status="PASS">
          <reporter-output>
            <line>
              <![CDATA[<font color = 'green'>Mouse over on IN SIGHTS</font>]]>
            </line>
            <line>
              <![CDATA[Mouse Over on In Sights Successfully]]>
            </line>
          </reporter-output>
        </test-method> <!-- Mouse_Over_On_In_Sights -->
        <test-method signature="Click_Success()[pri:2, instance:com.CloudRunnerPackage.InSightsTestCases@71d44a3]" started-at="2024-06-18T10:48:43 IST" name="Click_Success" finished-at="2024-06-18T10:48:44 IST" duration-ms="1349" status="PASS">
          <reporter-output>
            <line>
              <![CDATA[<font color = 'green'>Mouse over on IN SIGHTS</font>]]>
            </line>
            <line>
              <![CDATA[<font color = 'green'>Clicked On SUCCESS</font>]]>
            </line>
            <line>
              <![CDATA[Clicked On SUCCESS Succesfully]]>
            </line>
          </reporter-output>
        </test-method> <!-- Click_Success -->
        <test-method signature="Click_World_Class_Training()[pri:3, instance:com.CloudRunnerPackage.InSightsTestCases@71d44a3]" started-at="2024-06-18T10:48:44 IST" name="Click_World_Class_Training" finished-at="2024-06-18T10:48:45 IST" duration-ms="949" status="PASS">
          <reporter-output>
            <line>
              <![CDATA[<font color = 'green'>Mouse over on IN SIGHTS</font>]]>
            </line>
            <line>
              <![CDATA[<font color = 'green'>Clicked On WORLD CLASS TRAINING</font>]]>
            </line>
            <line>
              <![CDATA[Clicked On WORLD CLASS TRAINING Succesfully]]>
            </line>
          </reporter-output>
        </test-method> <!-- Click_World_Class_Training -->
        <test-method signature="Click_Training_Choice()[pri:4, instance:com.CloudRunnerPackage.InSightsTestCases@71d44a3]" started-at="2024-06-18T10:48:45 IST" name="Click_Training_Choice" finished-at="2024-06-18T10:48:46 IST" duration-ms="889" status="PASS">
          <reporter-output>
            <line>
              <![CDATA[<font color = 'green'>Mouse over on IN SIGHTS</font>]]>
            </line>
            <line>
              <![CDATA[<font color = 'green'>Clicked On TRAINING CHOICE</font>]]>
            </line>
            <line>
              <![CDATA[Clicked On Training Choice Successfully]]>
            </line>
          </reporter-output>
        </test-method> <!-- Click_Training_Choice -->
        <test-method signature="Click_Thought_Leadership()[pri:5, instance:com.CloudRunnerPackage.InSightsTestCases@71d44a3]" started-at="2024-06-18T10:48:46 IST" name="Click_Thought_Leadership" finished-at="2024-06-18T10:48:46 IST" duration-ms="372" status="PASS">
          <reporter-output>
            <line>
              <![CDATA[<font color = 'green'>Clicked On THOUGHT LEARDERSHIP</font>]]>
            </line>
            <line>
              <![CDATA[Clicked On THOUGHT LEARDERSHIP Successfully]]>
            </line>
          </reporter-output>
        </test-method> <!-- Click_Thought_Leadership -->
        <test-method is-config="true" signature="tearDown()[pri:0, instance:com.CloudRunnerPackage.InSightsTestCases@71d44a3]" started-at="2024-06-18T10:48:46 IST" name="tearDown" finished-at="2024-06-18T10:48:47 IST" duration-ms="387" status="PASS">
          <reporter-output>
          </reporter-output>
        </test-method> <!-- tearDown -->
      </class> <!-- com.CloudRunnerPackage.InSightsTestCases -->
    </test> <!-- Insights -->
    <test started-at="2024-06-18T10:48:47 IST" name="News" finished-at="2024-06-18T10:48:56 IST" duration-ms="9852">
      <class name="com.CloudRunnerPackage.NewsTestCases">
        <test-method is-config="true" signature="setUp()[pri:0, instance:com.CloudRunnerPackage.NewsTestCases@3590fc5b]" started-at="2024-06-18T10:48:47 IST" name="setUp" finished-at="2024-06-18T10:48:53 IST" duration-ms="5939" status="PASS">
          <reporter-output>
          </reporter-output>
        </test-method> <!-- setUp -->
        <test-method signature="Mouse_Over_On_News()[pri:1, instance:com.CloudRunnerPackage.NewsTestCases@3590fc5b]" started-at="2024-06-18T10:48:53 IST" name="Mouse_Over_On_News" finished-at="2024-06-18T10:48:53 IST" duration-ms="244" status="PASS">
          <reporter-output>
            <line>
              <![CDATA[<font color = 'green'>Mouse over on NEWS</font>]]>
            </line>
            <line>
              <![CDATA[Mouse Over on NEWS Successfully]]>
            </line>
          </reporter-output>
        </test-method> <!-- Mouse_Over_On_News -->
        <test-method signature="Click_Monthly_News()[pri:2, instance:com.CloudRunnerPackage.NewsTestCases@3590fc5b]" started-at="2024-06-18T10:48:53 IST" name="Click_Monthly_News" finished-at="2024-06-18T10:48:54 IST" duration-ms="1261" status="PASS">
          <reporter-output>
            <line>
              <![CDATA[<font color = 'green'>Mouse over on NEWS</font>]]>
            </line>
            <line>
              <![CDATA[<font color = 'green'>Clicked On MONTHLY NEWS</font>]]>
            </line>
            <line>
              <![CDATA[Clicked On MONTHLTY NEWS Succesfully]]>
            </line>
          </reporter-output>
        </test-method> <!-- Click_Monthly_News -->
        <test-method signature="Click_Events()[pri:3, instance:com.CloudRunnerPackage.NewsTestCases@3590fc5b]" started-at="2024-06-18T10:48:54 IST" name="Click_Events" finished-at="2024-06-18T10:48:55 IST" duration-ms="1048" status="PASS">
          <reporter-output>
            <line>
              <![CDATA[<font color = 'green'>Mouse over on NEWS</font>]]>
            </line>
            <line>
              <![CDATA[<font color = 'green'>Clicked On EVENTS</font>]]>
            </line>
            <line>
              <![CDATA[Clicked On EVENTS Succesfully]]>
            </line>
          </reporter-output>
        </test-method> <!-- Click_Events -->
        <test-method signature="Click_Blog()[pri:4, instance:com.CloudRunnerPackage.NewsTestCases@3590fc5b]" started-at="2024-06-18T10:48:55 IST" name="Click_Blog" finished-at="2024-06-18T10:48:56 IST" duration-ms="1042" status="PASS">
          <reporter-output>
            <line>
              <![CDATA[<font color = 'green'>Mouse over on NEWS</font>]]>
            </line>
            <line>
              <![CDATA[<font color = 'green'>Clicked On BLOG</font>]]>
            </line>
            <line>
              <![CDATA[Clicked On BLOG Successfully]]>
            </line>
          </reporter-output>
        </test-method> <!-- Click_Blog -->
        <test-method is-config="true" signature="tearDown()[pri:0, instance:com.CloudRunnerPackage.NewsTestCases@3590fc5b]" started-at="2024-06-18T10:48:56 IST" name="tearDown" finished-at="2024-06-18T10:48:56 IST" duration-ms="305" status="PASS">
          <reporter-output>
          </reporter-output>
        </test-method> <!-- tearDown -->
      </class> <!-- com.CloudRunnerPackage.NewsTestCases -->
    </test> <!-- News -->
  </suite> <!-- Cloudgen4 -->
</testng-results>
