<?xml version="1.0" encoding="UTF-8"?>
<!-- Generated by org.testng.reporters.JUnitXMLReporter -->
<testsuite ignored="0" hostname="DESKTOP-012U5K5" failures="0" tests="8" name="CloudObject" time="14.445" errors="0" timestamp="2024-06-18T10:47:39 IST">
  <testcase classname="com.CloudRunnerPackage.CloudObjectRunner" name="Mouse_Over_On_Home_Tab" time="0.349"/>
  <testcase classname="com.CloudRunnerPackage.CloudObjectRunner" name="Mouse_Over_On_About_Us" time="0.303"/>
  <testcase classname="com.CloudRunnerPackage.CloudObjectRunner" name="Mouse_Over_On_Courses" time="0.248"/>
  <testcase classname="com.CloudRunnerPackage.CloudObjectRunner" name="Mouse_Over_On_Services" time="0.296"/>
  <testcase classname="com.CloudRunnerPackage.CloudObjectRunner" name="Mouse_Over_On_Projects" time="0.285"/>
  <testcase classname="com.CloudRunnerPackage.CloudObjectRunner" name="Mouse_Over_On_New_Batches" time="0.274"/>
  <testcase classname="com.CloudRunnerPackage.CloudObjectRunner" name="Mouse_Over_On_In_Sights" time="0.276"/>
  <testcase classname="com.CloudRunnerPackage.CloudObjectRunner" name="Mouse_Over_On_Contact" time="0.301"/>
</testsuite> <!-- CloudObject -->
