<?xml version="1.0" encoding="UTF-8"?>
<!-- Generated by org.testng.reporters.JUnitXMLReporter -->
<testsuite ignored="0" hostname="DESKTOP-012U5K5" failures="0" tests="5" name="Insights" time="10.619" errors="0" timestamp="2024-06-18T10:48:47 IST">
  <testcase classname="com.CloudRunnerPackage.InSightsTestCases" name="Mouse_Over_On_In_Sights" time="0.287"/>
  <testcase classname="com.CloudRunnerPackage.InSightsTestCases" name="Click_Success" time="1.349"/>
  <testcase classname="com.CloudRunnerPackage.InSightsTestCases" name="Click_World_Class_Training" time="0.949"/>
  <testcase classname="com.CloudRunnerPackage.InSightsTestCases" name="Click_Training_Choice" time="0.889"/>
  <testcase classname="com.CloudRunnerPackage.InSightsTestCases" name="Click_Thought_Leadership" time="0.372"/>
</testsuite> <!-- Insights -->
