<?xml version="1.0" encoding="UTF-8"?>
<!-- Generated by org.testng.reporters.JUnitXMLReporter -->
<testsuite ignored="0" hostname="DESKTOP-012U5K5" failures="0" tests="5" name="NewBatches" time="21.483" errors="0" timestamp="2024-06-18T10:48:23 IST">
  <testcase classname="com.CloudRunnerPackage.NewBatchesTestCases" name="Mouse_Over_On_New_Batches" time="2.313"/>
  <testcase classname="com.CloudRunnerPackage.NewBatchesTestCases" name="Click_Class_Room_Anantapuram" time="3.425"/>
  <testcase classname="com.CloudRunnerPackage.NewBatchesTestCases" name="Click_Online_Classes" time="3.0"/>
  <testcase classname="com.CloudRunnerPackage.NewBatchesTestCases" name="Click_On_Line_Schedule" time="2.904"/>
  <testcase classname="com.CloudRunnerPackage.NewBatchesTestCases" name="Click_Free_Online_Workshops" time="3.0"/>
</testsuite> <!-- NewBatches -->
