<?xml version="1.0" encoding="UTF-8"?>
<!-- Generated by org.testng.reporters.JUnitXMLReporter -->
<testsuite ignored="0" hostname="DESKTOP-012U5K5" failures="0" tests="4" name="News" time="9.852" errors="0" timestamp="2024-06-18T10:48:56 IST">
  <testcase classname="com.CloudRunnerPackage.NewsTestCases" name="Mouse_Over_On_News" time="0.244"/>
  <testcase classname="com.CloudRunnerPackage.NewsTestCases" name="Click_Monthly_News" time="1.261"/>
  <testcase classname="com.CloudRunnerPackage.NewsTestCases" name="Click_Events" time="1.048"/>
  <testcase classname="com.CloudRunnerPackage.NewsTestCases" name="Click_Blog" time="1.042"/>
</testsuite> <!-- News -->
