<?xml version="1.0" encoding="UTF-8"?>
<!-- Generated by org.testng.reporters.JUnitXMLReporter -->
<testsuite ignored="0" hostname="DESKTOP-012U5K5" failures="0" tests="5" name="projects" time="10.337" errors="0" timestamp="2024-06-18T10:48:01 IST">
  <testcase classname="com.CloudRunnerPackage.ProjectsTestCases" name="Mouse_Over_On_Projects" time="0.278"/>
  <testcase classname="com.CloudRunnerPackage.ProjectsTestCases" name="Click_Live_Projects" time="1.289"/>
  <testcase classname="com.CloudRunnerPackage.ProjectsTestCases" name="Click_IEEE_Projects" time="0.898"/>
  <testcase classname="com.CloudRunnerPackage.ProjectsTestCases" name="Click_Internship_Projects" time="0.885"/>
  <testcase classname="com.CloudRunnerPackage.ProjectsTestCases" name="Click_Real_Time_Projects" time="0.989"/>
</testsuite> <!-- projects -->
