<?xml version="1.0" encoding="UTF-8"?>
<!-- Generated by org.testng.reporters.JUnitXMLReporter -->
<testsuite ignored="0" hostname="DESKTOP-012U5K5" failures="0" tests="5" name="Services" time="11.583" errors="0" timestamp="2024-06-18T10:47:51 IST">
  <testcase classname="com.CloudRunnerPackage.ServicesTestCases" name="Mouse_Over_On_Services" time="0.278"/>
  <testcase classname="com.CloudRunnerPackage.ServicesTestCases" name="Click_Internship_Program" time="1.556"/>
  <testcase classname="com.CloudRunnerPackage.ServicesTestCases" name="Click_Placement_Assistance" time="1.062"/>
  <testcase classname="com.CloudRunnerPackage.ServicesTestCases" name="Click_Placements" time="0.934"/>
  <testcase classname="com.CloudRunnerPackage.ServicesTestCases" name="Click_Cloud_Care" time="1.017"/>
</testsuite> <!-- Services -->
