<?xml version="1.0" encoding="UTF-8"?>
<!-- Generated by org.testng.reporters.JUnitXMLReporter -->
<testsuite ignored="0" hostname="DESKTOP-012U5K5" failures="0" tests="7" name="Training" time="13.087" errors="0" timestamp="2024-06-18T10:48:36 IST">
  <testcase classname="com.CloudRunnerPackage.TrainingTestCases" name="Mouse_Over_On_Training" time="0.351"/>
  <testcase classname="com.CloudRunnerPackage.TrainingTestCases" name="Click_Class_Room_Training" time="1.327"/>
  <testcase classname="com.CloudRunnerPackage.TrainingTestCases" name="Click_Online_Training" time="0.994"/>
  <testcase classname="com.CloudRunnerPackage.TrainingTestCases" name="Click_Weekend_Training" time="1.113"/>
  <testcase classname="com.CloudRunnerPackage.TrainingTestCases" name="Click_Corporate_Training" time="1.126"/>
  <testcase classname="com.CloudRunnerPackage.TrainingTestCases" name="Click_Course_Shedule" time="0.987"/>
  <testcase classname="com.CloudRunnerPackage.TrainingTestCases" name="Click_Trainers_Profile" time="1.07"/>
</testsuite> <!-- Training -->
